<?xml version="1.0" encoding="UTF-8"?>
<testsuite xmlns:xsi="http://www.w3.org/2001/XMLSchema-instance" xsi:noNamespaceSchemaLocation="https://maven.apache.org/surefire/maven-surefire-plugin/xsd/surefire-test-report-3.0.xsd" version="3.0" name="com.hrms.runners.TestRunner" time="21.801" tests="1" errors="0" skipped="0" failures="1">
  <properties>
    <property name="gopherProxySet" value="false"/>
    <property name="awt.toolkit" value="sun.lwawt.macosx.LWCToolkit"/>
    <property name="file.encoding.pkg" value="sun.io"/>
    <property name="java.specification.version" value="1.8"/>
    <property name="sun.cpu.isalist" value=""/>
    <property name="sun.jnu.encoding" value="UTF-8"/>
    <property name="java.class.path" value="/Users/andrii/eclipse-workspace/Hrms/target/test-classes:/Users/andrii/eclipse-workspace/Hrms/target/classes:/Users/andrii/.m2/repository/org/seleniumhq/selenium/selenium-java/3.141.59/selenium-java-3.141.59.jar:/Users/andrii/.m2/repository/org/seleniumhq/selenium/selenium-api/3.141.59/selenium-api-3.141.59.jar:/Users/andrii/.m2/repository/org/seleniumhq/selenium/selenium-chrome-driver/3.141.59/selenium-chrome-driver-3.141.59.jar:/Users/andrii/.m2/repository/org/seleniumhq/selenium/selenium-edge-driver/3.141.59/selenium-edge-driver-3.141.59.jar:/Users/andrii/.m2/repository/org/seleniumhq/selenium/selenium-firefox-driver/3.141.59/selenium-firefox-driver-3.141.59.jar:/Users/andrii/.m2/repository/org/seleniumhq/selenium/selenium-ie-driver/3.141.59/selenium-ie-driver-3.141.59.jar:/Users/andrii/.m2/repository/org/seleniumhq/selenium/selenium-opera-driver/3.141.59/selenium-opera-driver-3.141.59.jar:/Users/andrii/.m2/repository/org/seleniumhq/selenium/selenium-remote-driver/3.141.59/selenium-remote-driver-3.141.59.jar:/Users/andrii/.m2/repository/org/seleniumhq/selenium/selenium-safari-driver/3.141.59/selenium-safari-driver-3.141.59.jar:/Users/andrii/.m2/repository/org/seleniumhq/selenium/selenium-support/3.141.59/selenium-support-3.141.59.jar:/Users/andrii/.m2/repository/net/bytebuddy/byte-buddy/1.8.15/byte-buddy-1.8.15.jar:/Users/andrii/.m2/repository/org/apache/commons/commons-exec/1.3/commons-exec-1.3.jar:/Users/andrii/.m2/repository/com/google/guava/guava/25.0-jre/guava-25.0-jre.jar:/Users/andrii/.m2/repository/com/google/code/findbugs/jsr305/1.3.9/jsr305-1.3.9.jar:/Users/andrii/.m2/repository/org/checkerframework/checker-compat-qual/2.0.0/checker-compat-qual-2.0.0.jar:/Users/andrii/.m2/repository/com/google/errorprone/error_prone_annotations/2.1.3/error_prone_annotations-2.1.3.jar:/Users/andrii/.m2/repository/com/google/j2objc/j2objc-annotations/1.1/j2objc-annotations-1.1.jar:/Users/andrii/.m2/repository/org/codehaus/mojo/animal-sniffer-annotations/1.14/animal-sniffer-annotations-1.14.jar:/Users/andrii/.m2/repository/com/squareup/okhttp3/okhttp/3.11.0/okhttp-3.11.0.jar:/Users/andrii/.m2/repository/com/squareup/okio/okio/1.14.0/okio-1.14.0.jar:/Users/andrii/.m2/repository/org/apache/poi/poi-ooxml/4.1.2/poi-ooxml-4.1.2.jar:/Users/andrii/.m2/repository/org/apache/poi/poi/4.1.2/poi-4.1.2.jar:/Users/andrii/.m2/repository/commons-codec/commons-codec/1.13/commons-codec-1.13.jar:/Users/andrii/.m2/repository/org/apache/commons/commons-collections4/4.4/commons-collections4-4.4.jar:/Users/andrii/.m2/repository/org/apache/commons/commons-math3/3.6.1/commons-math3-3.6.1.jar:/Users/andrii/.m2/repository/com/zaxxer/SparseBitSet/1.2/SparseBitSet-1.2.jar:/Users/andrii/.m2/repository/org/apache/poi/poi-ooxml-schemas/4.1.2/poi-ooxml-schemas-4.1.2.jar:/Users/andrii/.m2/repository/org/apache/xmlbeans/xmlbeans/3.1.0/xmlbeans-3.1.0.jar:/Users/andrii/.m2/repository/org/apache/commons/commons-compress/1.19/commons-compress-1.19.jar:/Users/andrii/.m2/repository/com/github/virtuald/curvesapi/1.06/curvesapi-1.06.jar:/Users/andrii/.m2/repository/commons-io/commons-io/2.6/commons-io-2.6.jar:/Users/andrii/.m2/repository/io/cucumber/cucumber-junit/5.7.0/cucumber-junit-5.7.0.jar:/Users/andrii/.m2/repository/org/apiguardian/apiguardian-api/1.1.0/apiguardian-api-1.1.0.jar:/Users/andrii/.m2/repository/io/cucumber/cucumber-core/5.7.0/cucumber-core-5.7.0.jar:/Users/andrii/.m2/repository/io/cucumber/cucumber-gherkin/5.7.0/cucumber-gherkin-5.7.0.jar:/Users/andrii/.m2/repository/io/cucumber/cucumber-gherkin-vintage/5.7.0/cucumber-gherkin-vintage-5.7.0.jar:/Users/andrii/.m2/repository/io/cucumber/tag-expressions/2.0.4/tag-expressions-2.0.4.jar:/Users/andrii/.m2/repository/io/cucumber/cucumber-expressions/8.3.1/cucumber-expressions-8.3.1.jar:/Users/andrii/.m2/repository/io/cucumber/datatable/3.3.1/datatable-3.3.1.jar:/Users/andrii/.m2/repository/io/cucumber/cucumber-plugin/5.7.0/cucumber-plugin-5.7.0.jar:/Users/andrii/.m2/repository/io/cucumber/docstring/5.7.0/docstring-5.7.0.jar:/Users/andrii/.m2/repository/junit/junit/4.13/junit-4.13.jar:/Users/andrii/.m2/repository/org/hamcrest/hamcrest-core/1.3/hamcrest-core-1.3.jar:/Users/andrii/.m2/repository/io/cucumber/cucumber-java/5.7.0/cucumber-java-5.7.0.jar:/Users/andrii/.m2/repository/io/github/bonigarcia/webdrivermanager/3.8.1/webdrivermanager-3.8.1.jar:/Users/andrii/.m2/repository/org/slf4j/slf4j-api/1.7.25/slf4j-api-1.7.25.jar:/Users/andrii/.m2/repository/com/google/code/gson/gson/2.8.5/gson-2.8.5.jar:/Users/andrii/.m2/repository/org/apache/commons/commons-lang3/3.8.1/commons-lang3-3.8.1.jar:/Users/andrii/.m2/repository/org/apache/httpcomponents/httpclient/4.5.6/httpclient-4.5.6.jar:/Users/andrii/.m2/repository/org/apache/httpcomponents/httpcore/4.4.10/httpcore-4.4.10.jar:/Users/andrii/.m2/repository/commons-logging/commons-logging/1.2/commons-logging-1.2.jar:/Users/andrii/.m2/repository/org/rauschig/jarchivelib/1.0.0/jarchivelib-1.0.0.jar:/Users/andrii/.m2/repository/org/jsoup/jsoup/1.11.3/jsoup-1.11.3.jar:/Users/andrii/.m2/repository/mysql/mysql-connector-java/8.0.20/mysql-connector-java-8.0.20.jar:/Users/andrii/.m2/repository/com/google/protobuf/protobuf-java/3.6.1/protobuf-java-3.6.1.jar:"/>
    <property name="java.vm.vendor" value="Oracle Corporation"/>
    <property name="sun.arch.data.model" value="64"/>
    <property name="java.vendor.url" value="http://java.oracle.com/"/>
    <property name="user.timezone" value=""/>
    <property name="java.vm.specification.version" value="1.8"/>
    <property name="os.name" value="Mac OS X"/>
    <property name="user.country" value="US"/>
    <property name="sun.java.launcher" value="SUN_STANDARD"/>
    <property name="sun.boot.library.path" value="/Library/Java/JavaVirtualMachines/jdk1.8.0_241.jdk/Contents/Home/jre/lib"/>
    <property name="sun.java.command" value="/Users/andrii/eclipse-workspace/Hrms/target/surefire/surefirebooter5788239764982848899.jar /Users/andrii/eclipse-workspace/Hrms/target/surefire 2020-07-22T21-21-54_011-jvmRun1 surefire5507515425391535006tmp surefire_08288396444475909271tmp"/>
    <property name="http.nonProxyHosts" value="local|*.local|169.254/16|*.169.254/16"/>
    <property name="surefire.test.class.path" value="/Users/andrii/eclipse-workspace/Hrms/target/test-classes:/Users/andrii/eclipse-workspace/Hrms/target/classes:/Users/andrii/.m2/repository/org/seleniumhq/selenium/selenium-java/3.141.59/selenium-java-3.141.59.jar:/Users/andrii/.m2/repository/org/seleniumhq/selenium/selenium-api/3.141.59/selenium-api-3.141.59.jar:/Users/andrii/.m2/repository/org/seleniumhq/selenium/selenium-chrome-driver/3.141.59/selenium-chrome-driver-3.141.59.jar:/Users/andrii/.m2/repository/org/seleniumhq/selenium/selenium-edge-driver/3.141.59/selenium-edge-driver-3.141.59.jar:/Users/andrii/.m2/repository/org/seleniumhq/selenium/selenium-firefox-driver/3.141.59/selenium-firefox-driver-3.141.59.jar:/Users/andrii/.m2/repository/org/seleniumhq/selenium/selenium-ie-driver/3.141.59/selenium-ie-driver-3.141.59.jar:/Users/andrii/.m2/repository/org/seleniumhq/selenium/selenium-opera-driver/3.141.59/selenium-opera-driver-3.141.59.jar:/Users/andrii/.m2/repository/org/seleniumhq/selenium/selenium-remote-driver/3.141.59/selenium-remote-driver-3.141.59.jar:/Users/andrii/.m2/repository/org/seleniumhq/selenium/selenium-safari-driver/3.141.59/selenium-safari-driver-3.141.59.jar:/Users/andrii/.m2/repository/org/seleniumhq/selenium/selenium-support/3.141.59/selenium-support-3.141.59.jar:/Users/andrii/.m2/repository/net/bytebuddy/byte-buddy/1.8.15/byte-buddy-1.8.15.jar:/Users/andrii/.m2/repository/org/apache/commons/commons-exec/1.3/commons-exec-1.3.jar:/Users/andrii/.m2/repository/com/google/guava/guava/25.0-jre/guava-25.0-jre.jar:/Users/andrii/.m2/repository/com/google/code/findbugs/jsr305/1.3.9/jsr305-1.3.9.jar:/Users/andrii/.m2/repository/org/checkerframework/checker-compat-qual/2.0.0/checker-compat-qual-2.0.0.jar:/Users/andrii/.m2/repository/com/google/errorprone/error_prone_annotations/2.1.3/error_prone_annotations-2.1.3.jar:/Users/andrii/.m2/repository/com/google/j2objc/j2objc-annotations/1.1/j2objc-annotations-1.1.jar:/Users/andrii/.m2/repository/org/codehaus/mojo/animal-sniffer-annotations/1.14/animal-sniffer-annotations-1.14.jar:/Users/andrii/.m2/repository/com/squareup/okhttp3/okhttp/3.11.0/okhttp-3.11.0.jar:/Users/andrii/.m2/repository/com/squareup/okio/okio/1.14.0/okio-1.14.0.jar:/Users/andrii/.m2/repository/org/apache/poi/poi-ooxml/4.1.2/poi-ooxml-4.1.2.jar:/Users/andrii/.m2/repository/org/apache/poi/poi/4.1.2/poi-4.1.2.jar:/Users/andrii/.m2/repository/commons-codec/commons-codec/1.13/commons-codec-1.13.jar:/Users/andrii/.m2/repository/org/apache/commons/commons-collections4/4.4/commons-collections4-4.4.jar:/Users/andrii/.m2/repository/org/apache/commons/commons-math3/3.6.1/commons-math3-3.6.1.jar:/Users/andrii/.m2/repository/com/zaxxer/SparseBitSet/1.2/SparseBitSet-1.2.jar:/Users/andrii/.m2/repository/org/apache/poi/poi-ooxml-schemas/4.1.2/poi-ooxml-schemas-4.1.2.jar:/Users/andrii/.m2/repository/org/apache/xmlbeans/xmlbeans/3.1.0/xmlbeans-3.1.0.jar:/Users/andrii/.m2/repository/org/apache/commons/commons-compress/1.19/commons-compress-1.19.jar:/Users/andrii/.m2/repository/com/github/virtuald/curvesapi/1.06/curvesapi-1.06.jar:/Users/andrii/.m2/repository/commons-io/commons-io/2.6/commons-io-2.6.jar:/Users/andrii/.m2/repository/io/cucumber/cucumber-junit/5.7.0/cucumber-junit-5.7.0.jar:/Users/andrii/.m2/repository/org/apiguardian/apiguardian-api/1.1.0/apiguardian-api-1.1.0.jar:/Users/andrii/.m2/repository/io/cucumber/cucumber-core/5.7.0/cucumber-core-5.7.0.jar:/Users/andrii/.m2/repository/io/cucumber/cucumber-gherkin/5.7.0/cucumber-gherkin-5.7.0.jar:/Users/andrii/.m2/repository/io/cucumber/cucumber-gherkin-vintage/5.7.0/cucumber-gherkin-vintage-5.7.0.jar:/Users/andrii/.m2/repository/io/cucumber/tag-expressions/2.0.4/tag-expressions-2.0.4.jar:/Users/andrii/.m2/repository/io/cucumber/cucumber-expressions/8.3.1/cucumber-expressions-8.3.1.jar:/Users/andrii/.m2/repository/io/cucumber/datatable/3.3.1/datatable-3.3.1.jar:/Users/andrii/.m2/repository/io/cucumber/cucumber-plugin/5.7.0/cucumber-plugin-5.7.0.jar:/Users/andrii/.m2/repository/io/cucumber/docstring/5.7.0/docstring-5.7.0.jar:/Users/andrii/.m2/repository/junit/junit/4.13/junit-4.13.jar:/Users/andrii/.m2/repository/org/hamcrest/hamcrest-core/1.3/hamcrest-core-1.3.jar:/Users/andrii/.m2/repository/io/cucumber/cucumber-java/5.7.0/cucumber-java-5.7.0.jar:/Users/andrii/.m2/repository/io/github/bonigarcia/webdrivermanager/3.8.1/webdrivermanager-3.8.1.jar:/Users/andrii/.m2/repository/org/slf4j/slf4j-api/1.7.25/slf4j-api-1.7.25.jar:/Users/andrii/.m2/repository/com/google/code/gson/gson/2.8.5/gson-2.8.5.jar:/Users/andrii/.m2/repository/org/apache/commons/commons-lang3/3.8.1/commons-lang3-3.8.1.jar:/Users/andrii/.m2/repository/org/apache/httpcomponents/httpclient/4.5.6/httpclient-4.5.6.jar:/Users/andrii/.m2/repository/org/apache/httpcomponents/httpcore/4.4.10/httpcore-4.4.10.jar:/Users/andrii/.m2/repository/commons-logging/commons-logging/1.2/commons-logging-1.2.jar:/Users/andrii/.m2/repository/org/rauschig/jarchivelib/1.0.0/jarchivelib-1.0.0.jar:/Users/andrii/.m2/repository/org/jsoup/jsoup/1.11.3/jsoup-1.11.3.jar:/Users/andrii/.m2/repository/mysql/mysql-connector-java/8.0.20/mysql-connector-java-8.0.20.jar:/Users/andrii/.m2/repository/com/google/protobuf/protobuf-java/3.6.1/protobuf-java-3.6.1.jar:"/>
    <property name="sun.cpu.endian" value="little"/>
    <property name="user.home" value="/Users/andrii"/>
    <property name="user.language" value="en"/>
    <property name="java.specification.vendor" value="Oracle Corporation"/>
    <property name="java.home" value="/Library/Java/JavaVirtualMachines/jdk1.8.0_241.jdk/Contents/Home/jre"/>
    <property name="basedir" value="/Users/andrii/eclipse-workspace/Hrms"/>
    <property name="file.separator" value="/"/>
    <property name="line.separator" value="&#10;"/>
    <property name="java.vm.specification.vendor" value="Oracle Corporation"/>
    <property name="java.specification.name" value="Java Platform API Specification"/>
    <property name="java.awt.graphicsenv" value="sun.awt.CGraphicsEnvironment"/>
    <property name="surefire.real.class.path" value="/Users/andrii/eclipse-workspace/Hrms/target/surefire/surefirebooter5788239764982848899.jar"/>
    <property name="sun.boot.class.path" value="/Library/Java/JavaVirtualMachines/jdk1.8.0_241.jdk/Contents/Home/jre/lib/resources.jar:/Library/Java/JavaVirtualMachines/jdk1.8.0_241.jdk/Contents/Home/jre/lib/rt.jar:/Library/Java/JavaVirtualMachines/jdk1.8.0_241.jdk/Contents/Home/jre/lib/sunrsasign.jar:/Library/Java/JavaVirtualMachines/jdk1.8.0_241.jdk/Contents/Home/jre/lib/jsse.jar:/Library/Java/JavaVirtualMachines/jdk1.8.0_241.jdk/Contents/Home/jre/lib/jce.jar:/Library/Java/JavaVirtualMachines/jdk1.8.0_241.jdk/Contents/Home/jre/lib/charsets.jar:/Library/Java/JavaVirtualMachines/jdk1.8.0_241.jdk/Contents/Home/jre/lib/jfr.jar:/Library/Java/JavaVirtualMachines/jdk1.8.0_241.jdk/Contents/Home/jre/classes"/>
    <property name="sun.management.compiler" value="HotSpot 64-Bit Tiered Compilers"/>
    <property name="ftp.nonProxyHosts" value="local|*.local|169.254/16|*.169.254/16"/>
    <property name="java.runtime.version" value="1.8.0_241-b07"/>
    <property name="user.name" value="andrii"/>
    <property name="path.separator" value=":"/>
    <property name="os.version" value="10.15.3"/>
    <property name="java.endorsed.dirs" value="/Library/Java/JavaVirtualMachines/jdk1.8.0_241.jdk/Contents/Home/jre/lib/endorsed"/>
    <property name="java.runtime.name" value="Java(TM) SE Runtime Environment"/>
    <property name="file.encoding" value="UTF-8"/>
    <property name="java.vm.name" value="Java HotSpot(TM) 64-Bit Server VM"/>
    <property name="localRepository" value="/Users/andrii/.m2/repository"/>
    <property name="java.vendor.url.bug" value="http://bugreport.sun.com/bugreport/"/>
    <property name="java.io.tmpdir" value="/var/folders/qb/8s_5lyz57r1688r48c00tvhr0000gn/T/"/>
    <property name="java.version" value="1.8.0_241"/>
    <property name="user.dir" value="/Users/andrii/eclipse-workspace/Hrms"/>
    <property name="os.arch" value="x86_64"/>
    <property name="java.vm.specification.name" value="Java Virtual Machine Specification"/>
    <property name="java.awt.printerjob" value="sun.lwawt.macosx.CPrinterJob"/>
    <property name="sun.os.patch.level" value="unknown"/>
    <property name="java.library.path" value="/Users/andrii/Library/Java/Extensions:/Library/Java/Extensions:/Network/Library/Java/Extensions:/System/Library/Java/Extensions:/usr/lib/java:."/>
    <property name="java.vm.info" value="mixed mode"/>
    <property name="java.vendor" value="Oracle Corporation"/>
    <property name="java.vm.version" value="25.241-b07"/>
    <property name="java.ext.dirs" value="/Users/andrii/Library/Java/Extensions:/Library/Java/JavaVirtualMachines/jdk1.8.0_241.jdk/Contents/Home/jre/lib/ext:/Library/Java/Extensions:/Network/Library/Java/Extensions:/System/Library/Java/Extensions:/usr/lib/java"/>
    <property name="sun.io.unicode.encoding" value="UnicodeBig"/>
    <property name="java.class.version" value="52.0"/>
    <property name="socksNonProxyHosts" value="local|*.local|169.254/16|*.169.254/16"/>
  </properties>
  <testcase name="First Name validation against DB" classname="Name validations against DB" time="21.317">
    <failure message="expected:&lt;[{emp_firstname=Ali}]&gt; but was:&lt;[{emp_firstname=test}, {emp_firstname=Selma S}, {emp_firstname=Samuel J}, {emp_firstname=James X}, {emp_firstname=James X}, {emp_firstname=Adam}, {emp_firstname=Samuel H}, {emp_firstname=Colin}, {emp_firstname=Colin}, {emp_firstname=Rage}, {emp_firstname=Bobby Boshat}, {emp_firstname=Roll}, {emp_firstname=Fernando}, {emp_firstname=Shazeb}, {emp_firstname=Sumair}, {emp_firstname=Shazeb}, {emp_firstname=Thomas}, {emp_firstname=Thomas}, {emp_firstname=Nigina N}, {emp_firstname=Leyla L}, {emp_firstname=Leyla L}, {emp_firstname=Julie}, {emp_firstname=Storm}, {emp_firstname=Storm}, {emp_firstname=Storm}, {emp_firstname=Storm}, {emp_firstname=Storm}, {emp_firstname=Storm}, {emp_firstname=Storm}, {emp_firstname=Storm}, {emp_firstname=Storm}, {emp_firstname=Storm}, {emp_firstname=Storm}, {emp_firstname=Storm}, {emp_firstname=Storm}, {emp_firstname=Storm}, {emp_firstname=Storm}, {emp_firstname=Storm}, {emp_firstname=Storm}, {emp_firstname=Storm}, {emp_firstname=Storm}, {emp_firstname=Mary}, {emp_firstname=Mary}, {emp_firstname=Mary}, {emp_firstname=Mary}, {emp_firstname=Mary}, {emp_firstname=Mary}, {emp_firstname=Mary}, {emp_firstname=Mary}, {emp_firstname=Mary}]&gt;" type="java.lang.AssertionError"><![CDATA[java.lang.AssertionError: expected:<[{emp_firstname=Ali}]> but was:<[{emp_firstname=test}, {emp_firstname=Selma S}, {emp_firstname=Samuel J}, {emp_firstname=James X}, {emp_firstname=James X}, {emp_firstname=Adam}, {emp_firstname=Samuel H}, {emp_firstname=Colin}, {emp_firstname=Colin}, {emp_firstname=Rage}, {emp_firstname=Bobby Boshat}, {emp_firstname=Roll}, {emp_firstname=Fernando}, {emp_firstname=Shazeb}, {emp_firstname=Sumair}, {emp_firstname=Shazeb}, {emp_firstname=Thomas}, {emp_firstname=Thomas}, {emp_firstname=Nigina N}, {emp_firstname=Leyla L}, {emp_firstname=Leyla L}, {emp_firstname=Julie}, {emp_firstname=Storm}, {emp_firstname=Storm}, {emp_firstname=Storm}, {emp_firstname=Storm}, {emp_firstname=Storm}, {emp_firstname=Storm}, {emp_firstname=Storm}, {emp_firstname=Storm}, {emp_firstname=Storm}, {emp_firstname=Storm}, {emp_firstname=Storm}, {emp_firstname=Storm}, {emp_firstname=Storm}, {emp_firstname=Storm}, {emp_firstname=Storm}, {emp_firstname=Storm}, {emp_firstname=Storm}, {emp_firstname=Storm}, {emp_firstname=Storm}, {emp_firstname=Mary}, {emp_firstname=Mary}, {emp_firstname=Mary}, {emp_firstname=Mary}, {emp_firstname=Mary}, {emp_firstname=Mary}, {emp_firstname=Mary}, {emp_firstname=Mary}, {emp_firstname=Mary}]>
]]></failure>
    <system-out><![CDATA[
@DB
Scenario: First Name validation against DB          # src/test/resources/features/NameValidationsInDB.feature:4
  Given user is logged with valid admin credentials # com.hrms.steps.LoginSteps.user_is_logged_with_valid_admin_credentials()
  And user navigate to employee list page           # com.hrms.steps.EmployeeSearchSteps.user_navigate_to_employee_list_page()
  When user enters valid employee id "14688"        # com.hrms.steps.EmployeeSearchSteps.user_enters_valid_employee_id(java.lang.String)
  And click on search button                        # com.hrms.steps.EmployeeSearchSteps.click_on_search_button()
  Then verify table is displayed                    # com.hrms.steps.EmployeeSearchSteps.verify_table_is_displayed()
[{emp_firstname=test}, {emp_firstname=Selma S}, {emp_firstname=Samuel J}, {emp_firstname=James X}, {emp_firstname=James X}, {emp_firstname=Adam}, {emp_firstname=Samuel H}, {emp_firstname=Colin}, {emp_firstname=Colin}, {emp_firstname=Rage}, {emp_firstname=Bobby Boshat}, {emp_firstname=Roll}, {emp_firstname=Fernando}, {emp_firstname=Shazeb}, {emp_firstname=Sumair}, {emp_firstname=Shazeb}, {emp_firstname=Thomas}, {emp_firstname=Thomas}, {emp_firstname=Nigina N}, {emp_firstname=Leyla L}, {emp_firstname=Leyla L}, {emp_firstname=Julie}, {emp_firstname=Storm}, {emp_firstname=Storm}, {emp_firstname=Storm}, {emp_firstname=Storm}, {emp_firstname=Storm}, {emp_firstname=Storm}, {emp_firstname=Storm}, {emp_firstname=Storm}, {emp_firstname=Storm}, {emp_firstname=Storm}, {emp_firstname=Storm}, {emp_firstname=Storm}, {emp_firstname=Storm}, {emp_firstname=Storm}, {emp_firstname=Storm}, {emp_firstname=Storm}, {emp_firstname=Storm}, {emp_firstname=Storm}, {emp_firstname=Storm}, {emp_firstname=Mary}, {emp_firstname=Mary}, {emp_firstname=Mary}, {emp_firstname=Mary}, {emp_firstname=Mary}, {emp_firstname=Mary}, {emp_firstname=Mary}, {emp_firstname=Mary}, {emp_firstname=Mary}]
  And get first name from table                     # com.hrms.steps.EmployeeSearchSteps.get_first_name_from_table()
  When get data from db                             # com.hrms.steps.DBSteps.get_data_from_db()
  Then verify first name from ui against db         # com.hrms.steps.EmployeeSearchSteps.verify_first_name_from_ui_against_db()
      java.lang.AssertionError: expected:<[{emp_firstname=Ali}]> but was:<[{emp_firstname=test}, {emp_firstname=Selma S}, {emp_firstname=Samuel J}, {emp_firstname=James X}, {emp_firstname=James X}, {emp_firstname=Adam}, {emp_firstname=Samuel H}, {emp_firstname=Colin}, {emp_firstname=Colin}, {emp_firstname=Rage}, {emp_firstname=Bobby Boshat}, {emp_firstname=Roll}, {emp_firstname=Fernando}, {emp_firstname=Shazeb}, {emp_firstname=Sumair}, {emp_firstname=Shazeb}, {emp_firstname=Thomas}, {emp_firstname=Thomas}, {emp_firstname=Nigina N}, {emp_firstname=Leyla L}, {emp_firstname=Leyla L}, {emp_firstname=Julie}, {emp_firstname=Storm}, {emp_firstname=Storm}, {emp_firstname=Storm}, {emp_firstname=Storm}, {emp_firstname=Storm}, {emp_firstname=Storm}, {emp_firstname=Storm}, {emp_firstname=Storm}, {emp_firstname=Storm}, {emp_firstname=Storm}, {emp_firstname=Storm}, {emp_firstname=Storm}, {emp_firstname=Storm}, {emp_firstname=Storm}, {emp_firstname=Storm}, {emp_firstname=Storm}, {emp_firstname=Storm}, {emp_firstname=Storm}, {emp_firstname=Storm}, {emp_firstname=Mary}, {emp_firstname=Mary}, {emp_firstname=Mary}, {emp_firstname=Mary}, {emp_firstname=Mary}, {emp_firstname=Mary}, {emp_firstname=Mary}, {emp_firstname=Mary}, {emp_firstname=Mary}]>
	at org.junit.Assert.fail(Assert.java:89)
	at org.junit.Assert.failNotEquals(Assert.java:835)
	at org.junit.Assert.assertEquals(Assert.java:120)
	at org.junit.Assert.assertEquals(Assert.java:146)
	at com.hrms.steps.EmployeeSearchSteps.verify_first_name_from_ui_against_db(EmployeeSearchSteps.java:56)
	at ✽.verify first name from ui against db(file:///Users/andrii/eclipse-workspace/Hrms/src/test/resources/features/NameValidationsInDB.feature:12)


    Embedding First Name validation against DB [image/png 204407 bytes]

]]></system-out>
    <system-err><![CDATA[SLF4J: Failed to load class "org.slf4j.impl.StaticLoggerBinder".
SLF4J: Defaulting to no-operation (NOP) logger implementation
SLF4J: See http://www.slf4j.org/codes.html#StaticLoggerBinder for further details.
Starting ChromeDriver 84.0.4147.30 (48b3e868b4cc0aa7e8149519690b6f6949e110a8-refs/branch-heads/4147@{#310}) on port 28325
Only local connections are allowed.
Please see https://chromedriver.chromium.org/security-considerations for suggestions on keeping ChromeDriver safe.
ChromeDriver was started successfully.
Jul 22, 2020 9:21:56 PM org.openqa.selenium.remote.ProtocolHandshake createSession
INFO: Detected dialect: W3C
]]></system-err>
  </testcase>
</testsuite>